<?xml version="1.0" encoding="UTF-8"?>
<testng-results ignored="0" total="1" passed="1" failed="0" skipped="0">
  <reporter-output>
  </reporter-output>
  <suite started-at="2022-08-23T22:30:52 IST" name="Suite" finished-at="2022-08-23T22:31:07 IST" duration-ms="14444">
    <groups>
    </groups>
    <test started-at="2022-08-23T22:30:52 IST" name="Test" finished-at="2022-08-23T22:31:07 IST" duration-ms="14444">
      <class name="Com.Test.Test_tc_001">
        <test-method is-config="true" signature="BS()[pri:0, instance:Com.Test.Test_tc_001@4bdeaabb]" started-at="2022-08-23T22:30:51 IST" name="BS" finished-at="2022-08-23T22:30:52 IST" duration-ms="1182" status="PASS">
          <reporter-output>
          </reporter-output>
        </test-method> <!-- BS -->
        <test-method is-config="true" signature="setup()[pri:0, instance:Com.Test.Test_tc_001@4bdeaabb]" started-at="2022-08-23T22:30:52 IST" name="setup" finished-at="2022-08-23T22:31:00 IST" duration-ms="7572" status="PASS">
          <reporter-output>
          </reporter-output>
        </test-method> <!-- setup -->
        <test-method signature="verify_validCedential()[pri:0, instance:Com.Test.Test_tc_001@4bdeaabb]" started-at="2022-08-23T22:31:00 IST" name="verify_validCedential" finished-at="2022-08-23T22:31:04 IST" duration-ms="4441" status="PASS">
          <reporter-output>
          </reporter-output>
        </test-method> <!-- verify_validCedential -->
        <test-method is-config="true" signature="teardown()[pri:0, instance:Com.Test.Test_tc_001@4bdeaabb]" started-at="2022-08-23T22:31:06 IST" name="teardown" finished-at="2022-08-23T22:31:07 IST" duration-ms="799" status="PASS">
          <reporter-output>
          </reporter-output>
        </test-method> <!-- teardown -->
      </class> <!-- Com.Test.Test_tc_001 -->
    </test> <!-- Test -->
  </suite> <!-- Suite -->
</testng-results>
