<?xml version="1.0" encoding="UTF-8"?>
<!-- Generated by org.testng.reporters.JUnitXMLReporter -->
<testsuite ignored="0" hostname="DESKTOP-QFPEJP1" failures="0" tests="1" name="Test" time="14.844" errors="0" timestamp="2022-08-21T20:05:46 IST">
  <testcase classname="com.utility.Baseclass" name="@AfterMethod teardown" time="0.002">
    <failure type="java.lang.NullPointerException" message="Cannot invoke &amp;quot;org.openqa.selenium.WebDriver.close()&amp;quot; because &amp;quot;com.utility.Baseclass.driver&amp;quot; is null">
      <![CDATA[java.lang.NullPointerException: Cannot invoke "org.openqa.selenium.WebDriver.close()" because "com.utility.Baseclass.driver" is null
at com.utility.Baseclass.teardown(Baseclass.java:34)
at java.base/java.util.ArrayList.forEach(ArrayList.java:1511)
... Removed 30 stack frames]]>
    </failure>
  </testcase> <!-- @AfterMethod teardown -->
  <testcase classname="com.Test.Test_tc001" name="verify_Testlogin_validCredential" time="0.237"/>
</testsuite> <!-- Test -->
